<?xml version="1.0" encoding="UTF-8"?>
<!-- Generated by org.testng.reporters.JUnitReportReporter -->
<testsuite skipped="0" hostname="tm5" name="com.TestCases.Tc_01_ValidateLogin" tests="1" failures="0" timestamp="19 Jun 2018 06:57:52 GMT" time="222.324" errors="0">
  <testcase name="Tc_01_ValidateLoginCredentials" time="222.324" classname="com.TestCases.Tc_01_ValidateLogin"/>
</testsuite> <!-- com.TestCases.Tc_01_ValidateLogin -->
