<?xml version="1.0" encoding="UTF-8"?>
<!-- Generated by org.testng.reporters.JUnitReportReporter -->
<testsuite skipped="0" hostname="tm5" name="com.TestCases.Tc_01_ValidateLogin" tests="1" failures="0" timestamp="15 Jun 2018 04:00:56 GMT" time="58.651" errors="0">
  <testcase name="Tc_01_ValidateLoginCredentials" time="58.651" classname="com.TestCases.Tc_01_ValidateLogin"/>
</testsuite> <!-- com.TestCases.Tc_01_ValidateLogin -->
